Analysis & Synthesis report for ALU
Fri Dec 04 00:24:49 2020
Quartus Prime Version 20.1.0 Build 711 06/05/2020 SJ Lite Edition


---------------------
; Table of Contents ;
---------------------
  1. Legal Notice
  2. Analysis & Synthesis Summary
  3. Analysis & Synthesis Settings
  4. Parallel Compilation
  5. Analysis & Synthesis Source Files Read
  6. Analysis & Synthesis Resource Usage Summary
  7. Analysis & Synthesis Resource Utilization by Entity
  8. General Register Statistics
  9. Post-Synthesis Netlist Statistics for Top Partition
 10. Elapsed Time Per Partition
 11. Analysis & Synthesis Messages



----------------
; Legal Notice ;
----------------
Copyright (C) 2020  Intel Corporation. All rights reserved.
Your use of Intel Corporation's design tools, logic functions 
and other software and tools, and any partner logic 
functions, and any output files from any of the foregoing 
(including device programming or simulation files), and any 
associated documentation or information are expressly subject 
to the terms and conditions of the Intel Program License 
Subscription Agreement, the Intel Quartus Prime License Agreement,
the Intel FPGA IP License Agreement, or other applicable license
agreement, including, without limitation, that your use is for
the sole purpose of programming logic devices manufactured by
Intel and sold by Intel or its authorized distributors.  Please
refer to the applicable agreement for further details, at
https://fpgasoftware.intel.com/eula.



+-------------------------------------------------------------------------------+
; Analysis & Synthesis Summary                                                  ;
+---------------------------------+---------------------------------------------+
; Analysis & Synthesis Status     ; Successful - Fri Dec 04 00:24:49 2020       ;
; Quartus Prime Version           ; 20.1.0 Build 711 06/05/2020 SJ Lite Edition ;
; Revision Name                   ; ALU                                         ;
; Top-level Entity Name           ; ALU                                         ;
; Family                          ; Cyclone V                                   ;
; Logic utilization (in ALMs)     ; N/A                                         ;
; Total registers                 ; 0                                           ;
; Total pins                      ; 52                                          ;
; Total virtual pins              ; 0                                           ;
; Total block memory bits         ; 0                                           ;
; Total DSP Blocks                ; 0                                           ;
; Total HSSI RX PCSs              ; 0                                           ;
; Total HSSI PMA RX Deserializers ; 0                                           ;
; Total HSSI TX PCSs              ; 0                                           ;
; Total HSSI PMA TX Serializers   ; 0                                           ;
; Total PLLs                      ; 0                                           ;
; Total DLLs                      ; 0                                           ;
+---------------------------------+---------------------------------------------+


+---------------------------------------------------------------------------------------------------------------------------+
; Analysis & Synthesis Settings                                                                                             ;
+---------------------------------------------------------------------------------+--------------------+--------------------+
; Option                                                                          ; Setting            ; Default Value      ;
+---------------------------------------------------------------------------------+--------------------+--------------------+
; Device                                                                          ; 5CGXFC7C7F23C8     ;                    ;
; Top-level entity name                                                           ; ALU                ; ALU                ;
; Family name                                                                     ; Cyclone V          ; Cyclone V          ;
; Use smart compilation                                                           ; Off                ; Off                ;
; Enable parallel Assembler and Timing Analyzer during compilation                ; On                 ; On                 ;
; Enable compact report table                                                     ; Off                ; Off                ;
; Restructure Multiplexers                                                        ; Auto               ; Auto               ;
; MLAB Add Timing Constraints For Mixed-Port Feed-Through Mode Setting Don't Care ; Off                ; Off                ;
; Create Debugging Nodes for IP Cores                                             ; Off                ; Off                ;
; Preserve fewer node names                                                       ; On                 ; On                 ;
; Intel FPGA IP Evaluation Mode                                                   ; Enable             ; Enable             ;
; Verilog Version                                                                 ; Verilog_2001       ; Verilog_2001       ;
; VHDL Version                                                                    ; VHDL_1993          ; VHDL_1993          ;
; State Machine Processing                                                        ; Auto               ; Auto               ;
; Safe State Machine                                                              ; Off                ; Off                ;
; Extract Verilog State Machines                                                  ; On                 ; On                 ;
; Extract VHDL State Machines                                                     ; On                 ; On                 ;
; Ignore Verilog initial constructs                                               ; Off                ; Off                ;
; Iteration limit for constant Verilog loops                                      ; 5000               ; 5000               ;
; Iteration limit for non-constant Verilog loops                                  ; 250                ; 250                ;
; Add Pass-Through Logic to Inferred RAMs                                         ; On                 ; On                 ;
; Infer RAMs from Raw Logic                                                       ; On                 ; On                 ;
; Parallel Synthesis                                                              ; On                 ; On                 ;
; DSP Block Balancing                                                             ; Auto               ; Auto               ;
; NOT Gate Push-Back                                                              ; On                 ; On                 ;
; Power-Up Don't Care                                                             ; On                 ; On                 ;
; Remove Redundant Logic Cells                                                    ; Off                ; Off                ;
; Remove Duplicate Registers                                                      ; On                 ; On                 ;
; Ignore CARRY Buffers                                                            ; Off                ; Off                ;
; Ignore CASCADE Buffers                                                          ; Off                ; Off                ;
; Ignore GLOBAL Buffers                                                           ; Off                ; Off                ;
; Ignore ROW GLOBAL Buffers                                                       ; Off                ; Off                ;
; Ignore LCELL Buffers                                                            ; Off                ; Off                ;
; Ignore SOFT Buffers                                                             ; On                 ; On                 ;
; Limit AHDL Integers to 32 Bits                                                  ; Off                ; Off                ;
; Optimization Technique                                                          ; Balanced           ; Balanced           ;
; Carry Chain Length                                                              ; 70                 ; 70                 ;
; Auto Carry Chains                                                               ; On                 ; On                 ;
; Auto Open-Drain Pins                                                            ; On                 ; On                 ;
; Perform WYSIWYG Primitive Resynthesis                                           ; Off                ; Off                ;
; Auto ROM Replacement                                                            ; On                 ; On                 ;
; Auto RAM Replacement                                                            ; On                 ; On                 ;
; Auto DSP Block Replacement                                                      ; On                 ; On                 ;
; Auto Shift Register Replacement                                                 ; Auto               ; Auto               ;
; Allow Shift Register Merging across Hierarchies                                 ; Auto               ; Auto               ;
; Auto Clock Enable Replacement                                                   ; On                 ; On                 ;
; Strict RAM Replacement                                                          ; Off                ; Off                ;
; Allow Synchronous Control Signals                                               ; On                 ; On                 ;
; Force Use of Synchronous Clear Signals                                          ; Off                ; Off                ;
; Auto Resource Sharing                                                           ; Off                ; Off                ;
; Allow Any RAM Size For Recognition                                              ; Off                ; Off                ;
; Allow Any ROM Size For Recognition                                              ; Off                ; Off                ;
; Allow Any Shift Register Size For Recognition                                   ; Off                ; Off                ;
; Use LogicLock Constraints during Resource Balancing                             ; On                 ; On                 ;
; Ignore translate_off and synthesis_off directives                               ; Off                ; Off                ;
; Timing-Driven Synthesis                                                         ; On                 ; On                 ;
; Report Parameter Settings                                                       ; On                 ; On                 ;
; Report Source Assignments                                                       ; On                 ; On                 ;
; Report Connectivity Checks                                                      ; On                 ; On                 ;
; Ignore Maximum Fan-Out Assignments                                              ; Off                ; Off                ;
; Synchronization Register Chain Length                                           ; 3                  ; 3                  ;
; Power Optimization During Synthesis                                             ; Normal compilation ; Normal compilation ;
; HDL message level                                                               ; Level2             ; Level2             ;
; Suppress Register Optimization Related Messages                                 ; Off                ; Off                ;
; Number of Removed Registers Reported in Synthesis Report                        ; 5000               ; 5000               ;
; Number of Swept Nodes Reported in Synthesis Report                              ; 5000               ; 5000               ;
; Number of Inverted Registers Reported in Synthesis Report                       ; 100                ; 100                ;
; Clock MUX Protection                                                            ; On                 ; On                 ;
; Auto Gated Clock Conversion                                                     ; Off                ; Off                ;
; Block Design Naming                                                             ; Auto               ; Auto               ;
; SDC constraint protection                                                       ; Off                ; Off                ;
; Synthesis Effort                                                                ; Auto               ; Auto               ;
; Shift Register Replacement - Allow Asynchronous Clear Signal                    ; On                 ; On                 ;
; Pre-Mapping Resynthesis Optimization                                            ; Off                ; Off                ;
; Analysis & Synthesis Message Level                                              ; Medium             ; Medium             ;
; Disable Register Merging Across Hierarchies                                     ; Auto               ; Auto               ;
; Resource Aware Inference For Block RAM                                          ; On                 ; On                 ;
; Automatic Parallel Synthesis                                                    ; On                 ; On                 ;
; Partial Reconfiguration Bitstream ID                                            ; Off                ; Off                ;
+---------------------------------------------------------------------------------+--------------------+--------------------+


+------------------------------------------+
; Parallel Compilation                     ;
+----------------------------+-------------+
; Processors                 ; Number      ;
+----------------------------+-------------+
; Number detected on machine ; 12          ;
; Maximum allowed            ; 6           ;
;                            ;             ;
; Average used               ; 1.00        ;
; Maximum used               ; 1           ;
;                            ;             ;
; Usage by Processor         ; % Time Used ;
;     Processor 1            ; 100.0%      ;
+----------------------------+-------------+


+-------------------------------------------------------------------------------------------------------------------------------------------+
; Analysis & Synthesis Source Files Read                                                                                                    ;
+----------------------------------+-----------------+-----------------+----------------------------------------------------------+---------+
; File Name with User-Entered Path ; Used in Netlist ; File Type       ; File Name with Absolute Path                             ; Library ;
+----------------------------------+-----------------+-----------------+----------------------------------------------------------+---------+
; ALU.vhd                          ; yes             ; User VHDL File  ; D:/study material/IITB/project 224/ALU.vhd               ;         ;
; XOR_2input.vhd                   ; yes             ; User VHDL File  ; D:/study material/IITB/project 224/XOR_2input.vhd        ;         ;
; and_2input.vhd                   ; yes             ; User VHDL File  ; D:/study material/IITB/project 224/and_2input.vhd        ;         ;
; gpgen.vhd                        ; yes             ; User VHDL File  ; D:/study material/IITB/project 224/gpgen.vhd             ;         ;
; node_operation.vhd               ; yes             ; User VHDL File  ; D:/study material/IITB/project 224/node_operation.vhd    ;         ;
; KoggeStoneAdder.vhd              ; yes             ; User VHDL File  ; D:/study material/IITB/project 224/KoggeStoneAdder.vhd   ;         ;
; Get1Complement.vhd               ; yes             ; User VHDL File  ; D:/study material/IITB/project 224/Get1Complement.vhd    ;         ;
; ZeroBitCalculator.vhd            ; yes             ; User VHDL File  ; D:/study material/IITB/project 224/ZeroBitCalculator.vhd ;         ;
; SelectHandler.vhd                ; yes             ; User VHDL File  ; D:/study material/IITB/project 224/SelectHandler.vhd     ;         ;
+----------------------------------+-----------------+-----------------+----------------------------------------------------------+---------+


+-------------------------------------------------------------+
; Analysis & Synthesis Resource Usage Summary                 ;
+---------------------------------------------+---------------+
; Resource                                    ; Usage         ;
+---------------------------------------------+---------------+
; Estimate of Logic utilization (ALMs needed) ; 84            ;
;                                             ;               ;
; Combinational ALUT usage for logic          ; 117           ;
;     -- 7 input functions                    ; 0             ;
;     -- 6 input functions                    ; 51            ;
;     -- 5 input functions                    ; 18            ;
;     -- 4 input functions                    ; 31            ;
;     -- <=3 input functions                  ; 17            ;
;                                             ;               ;
; Dedicated logic registers                   ; 0             ;
;                                             ;               ;
; I/O pins                                    ; 52            ;
;                                             ;               ;
; Total DSP Blocks                            ; 0             ;
;                                             ;               ;
; Maximum fan-out node                        ; Select1~input ;
; Maximum fan-out                             ; 70            ;
; Total fan-out                               ; 631           ;
; Average fan-out                             ; 2.86          ;
+---------------------------------------------+---------------+


+------------------------------------------------------------------------------------------------------------------------------------------------------------------------------------------------------------------------------------------------------------------------+
; Analysis & Synthesis Resource Utilization by Entity                                                                                                                                                                                                                    ;
+-----------------------------------------+---------------------+---------------------------+-------------------+------------+------+--------------+----------------------------------------------------------------------------------+-------------------+--------------+
; Compilation Hierarchy Node              ; Combinational ALUTs ; Dedicated Logic Registers ; Block Memory Bits ; DSP Blocks ; Pins ; Virtual Pins ; Full Hierarchy Name                                                              ; Entity Name       ; Library Name ;
+-----------------------------------------+---------------------+---------------------------+-------------------+------------+------+--------------+----------------------------------------------------------------------------------+-------------------+--------------+
; |ALU                                    ; 117 (0)             ; 0 (0)                     ; 0                 ; 0          ; 52   ; 0            ; |ALU                                                                             ; ALU               ; work         ;
;    |Get1Complement:Take2Complement|     ; 1 (0)               ; 0 (0)                     ; 0                 ; 0          ; 0    ; 0            ; |ALU|Get1Complement:Take2Complement                                              ; Get1Complement    ; work         ;
;       |XOR_2input:\lab:15:XORGate|      ; 1 (1)               ; 0 (0)                     ; 0                 ; 0          ; 0    ; 0            ; |ALU|Get1Complement:Take2Complement|XOR_2input:\lab:15:XORGate                   ; XOR_2input        ; work         ;
;    |KoggeStoneAdder:MainAdder|          ; 107 (67)            ; 0 (0)                     ; 0                 ; 0          ; 0    ; 0            ; |ALU|KoggeStoneAdder:MainAdder                                                   ; KoggeStoneAdder   ; work         ;
;       |gpgen:\stg00:10:pm|              ; 1 (0)               ; 0 (0)                     ; 0                 ; 0          ; 0    ; 0            ; |ALU|KoggeStoneAdder:MainAdder|gpgen:\stg00:10:pm                                ; gpgen             ; work         ;
;          |XOR_2input:Pgen|              ; 1 (1)               ; 0 (0)                     ; 0                 ; 0          ; 0    ; 0            ; |ALU|KoggeStoneAdder:MainAdder|gpgen:\stg00:10:pm|XOR_2input:Pgen                ; XOR_2input        ; work         ;
;       |gpgen:\stg00:12:pm|              ; 1 (0)               ; 0 (0)                     ; 0                 ; 0          ; 0    ; 0            ; |ALU|KoggeStoneAdder:MainAdder|gpgen:\stg00:12:pm                                ; gpgen             ; work         ;
;          |XOR_2input:Pgen|              ; 1 (1)               ; 0 (0)                     ; 0                 ; 0          ; 0    ; 0            ; |ALU|KoggeStoneAdder:MainAdder|gpgen:\stg00:12:pm|XOR_2input:Pgen                ; XOR_2input        ; work         ;
;       |gpgen:\stg00:13:pm|              ; 1 (0)               ; 0 (0)                     ; 0                 ; 0          ; 0    ; 0            ; |ALU|KoggeStoneAdder:MainAdder|gpgen:\stg00:13:pm                                ; gpgen             ; work         ;
;          |XOR_2input:Pgen|              ; 1 (1)               ; 0 (0)                     ; 0                 ; 0          ; 0    ; 0            ; |ALU|KoggeStoneAdder:MainAdder|gpgen:\stg00:13:pm|XOR_2input:Pgen                ; XOR_2input        ; work         ;
;       |gpgen:\stg00:15:pm|              ; 1 (0)               ; 0 (0)                     ; 0                 ; 0          ; 0    ; 0            ; |ALU|KoggeStoneAdder:MainAdder|gpgen:\stg00:15:pm                                ; gpgen             ; work         ;
;          |XOR_2input:Pgen|              ; 1 (1)               ; 0 (0)                     ; 0                 ; 0          ; 0    ; 0            ; |ALU|KoggeStoneAdder:MainAdder|gpgen:\stg00:15:pm|XOR_2input:Pgen                ; XOR_2input        ; work         ;
;       |gpgen:\stg00:2:pm|               ; 1 (0)               ; 0 (0)                     ; 0                 ; 0          ; 0    ; 0            ; |ALU|KoggeStoneAdder:MainAdder|gpgen:\stg00:2:pm                                 ; gpgen             ; work         ;
;          |XOR_2input:Pgen|              ; 1 (1)               ; 0 (0)                     ; 0                 ; 0          ; 0    ; 0            ; |ALU|KoggeStoneAdder:MainAdder|gpgen:\stg00:2:pm|XOR_2input:Pgen                 ; XOR_2input        ; work         ;
;       |gpgen:\stg00:3:pm|               ; 1 (0)               ; 0 (0)                     ; 0                 ; 0          ; 0    ; 0            ; |ALU|KoggeStoneAdder:MainAdder|gpgen:\stg00:3:pm                                 ; gpgen             ; work         ;
;          |XOR_2input:Pgen|              ; 1 (1)               ; 0 (0)                     ; 0                 ; 0          ; 0    ; 0            ; |ALU|KoggeStoneAdder:MainAdder|gpgen:\stg00:3:pm|XOR_2input:Pgen                 ; XOR_2input        ; work         ;
;       |gpgen:\stg00:4:pm|               ; 1 (0)               ; 0 (0)                     ; 0                 ; 0          ; 0    ; 0            ; |ALU|KoggeStoneAdder:MainAdder|gpgen:\stg00:4:pm                                 ; gpgen             ; work         ;
;          |XOR_2input:Pgen|              ; 1 (1)               ; 0 (0)                     ; 0                 ; 0          ; 0    ; 0            ; |ALU|KoggeStoneAdder:MainAdder|gpgen:\stg00:4:pm|XOR_2input:Pgen                 ; XOR_2input        ; work         ;
;       |gpgen:\stg00:5:pm|               ; 1 (0)               ; 0 (0)                     ; 0                 ; 0          ; 0    ; 0            ; |ALU|KoggeStoneAdder:MainAdder|gpgen:\stg00:5:pm                                 ; gpgen             ; work         ;
;          |XOR_2input:Pgen|              ; 1 (1)               ; 0 (0)                     ; 0                 ; 0          ; 0    ; 0            ; |ALU|KoggeStoneAdder:MainAdder|gpgen:\stg00:5:pm|XOR_2input:Pgen                 ; XOR_2input        ; work         ;
;       |gpgen:\stg00:9:pm|               ; 2 (0)               ; 0 (0)                     ; 0                 ; 0          ; 0    ; 0            ; |ALU|KoggeStoneAdder:MainAdder|gpgen:\stg00:9:pm                                 ; gpgen             ; work         ;
;          |XOR_2input:Pgen|              ; 2 (2)               ; 0 (0)                     ; 0                 ; 0          ; 0    ; 0            ; |ALU|KoggeStoneAdder:MainAdder|gpgen:\stg00:9:pm|XOR_2input:Pgen                 ; XOR_2input        ; work         ;
;       |node_operation:\stg01:0:pm|      ; 2 (1)               ; 0 (0)                     ; 0                 ; 0          ; 0    ; 0            ; |ALU|KoggeStoneAdder:MainAdder|node_operation:\stg01:0:pm                        ; node_operation    ; work         ;
;          |and_2input:andsignal1|        ; 1 (1)               ; 0 (0)                     ; 0                 ; 0          ; 0    ; 0            ; |ALU|KoggeStoneAdder:MainAdder|node_operation:\stg01:0:pm|and_2input:andsignal1  ; and_2input        ; work         ;
;       |node_operation:\stg01:10:pm|     ; 1 (0)               ; 0 (0)                     ; 0                 ; 0          ; 0    ; 0            ; |ALU|KoggeStoneAdder:MainAdder|node_operation:\stg01:10:pm                       ; node_operation    ; work         ;
;          |and_2input:andsignal1|        ; 1 (1)               ; 0 (0)                     ; 0                 ; 0          ; 0    ; 0            ; |ALU|KoggeStoneAdder:MainAdder|node_operation:\stg01:10:pm|and_2input:andsignal1 ; and_2input        ; work         ;
;       |node_operation:\stg02:1:pm|      ; 2 (1)               ; 0 (0)                     ; 0                 ; 0          ; 0    ; 0            ; |ALU|KoggeStoneAdder:MainAdder|node_operation:\stg02:1:pm                        ; node_operation    ; work         ;
;          |and_2input:andsignal1|        ; 1 (1)               ; 0 (0)                     ; 0                 ; 0          ; 0    ; 0            ; |ALU|KoggeStoneAdder:MainAdder|node_operation:\stg02:1:pm|and_2input:andsignal1  ; and_2input        ; work         ;
;       |node_operation:\stg02:2:pm|      ; 1 (1)               ; 0 (0)                     ; 0                 ; 0          ; 0    ; 0            ; |ALU|KoggeStoneAdder:MainAdder|node_operation:\stg02:2:pm                        ; node_operation    ; work         ;
;       |node_operation:\stg02:4:pm|      ; 4 (3)               ; 0 (0)                     ; 0                 ; 0          ; 0    ; 0            ; |ALU|KoggeStoneAdder:MainAdder|node_operation:\stg02:4:pm                        ; node_operation    ; work         ;
;          |and_2input:andsignal2|        ; 1 (1)               ; 0 (0)                     ; 0                 ; 0          ; 0    ; 0            ; |ALU|KoggeStoneAdder:MainAdder|node_operation:\stg02:4:pm|and_2input:andsignal2  ; and_2input        ; work         ;
;       |node_operation:\stg02:5:pm|      ; 6 (3)               ; 0 (0)                     ; 0                 ; 0          ; 0    ; 0            ; |ALU|KoggeStoneAdder:MainAdder|node_operation:\stg02:5:pm                        ; node_operation    ; work         ;
;          |and_2input:andsignal2|        ; 3 (3)               ; 0 (0)                     ; 0                 ; 0          ; 0    ; 0            ; |ALU|KoggeStoneAdder:MainAdder|node_operation:\stg02:5:pm|and_2input:andsignal2  ; and_2input        ; work         ;
;       |node_operation:\stg02:6:pm|      ; 3 (2)               ; 0 (0)                     ; 0                 ; 0          ; 0    ; 0            ; |ALU|KoggeStoneAdder:MainAdder|node_operation:\stg02:6:pm                        ; node_operation    ; work         ;
;          |and_2input:andsignal2|        ; 1 (1)               ; 0 (0)                     ; 0                 ; 0          ; 0    ; 0            ; |ALU|KoggeStoneAdder:MainAdder|node_operation:\stg02:6:pm|and_2input:andsignal2  ; and_2input        ; work         ;
;       |node_operation:\stg02:7:pm|      ; 3 (2)               ; 0 (0)                     ; 0                 ; 0          ; 0    ; 0            ; |ALU|KoggeStoneAdder:MainAdder|node_operation:\stg02:7:pm                        ; node_operation    ; work         ;
;          |and_2input:andsignal2|        ; 1 (1)               ; 0 (0)                     ; 0                 ; 0          ; 0    ; 0            ; |ALU|KoggeStoneAdder:MainAdder|node_operation:\stg02:7:pm|and_2input:andsignal2  ; and_2input        ; work         ;
;       |node_operation:\stg02:8:pm|      ; 2 (1)               ; 0 (0)                     ; 0                 ; 0          ; 0    ; 0            ; |ALU|KoggeStoneAdder:MainAdder|node_operation:\stg02:8:pm                        ; node_operation    ; work         ;
;          |and_2input:andsignal2|        ; 1 (1)               ; 0 (0)                     ; 0                 ; 0          ; 0    ; 0            ; |ALU|KoggeStoneAdder:MainAdder|node_operation:\stg02:8:pm|and_2input:andsignal2  ; and_2input        ; work         ;
;       |node_operation:\stg02:9:pm|      ; 5 (2)               ; 0 (0)                     ; 0                 ; 0          ; 0    ; 0            ; |ALU|KoggeStoneAdder:MainAdder|node_operation:\stg02:9:pm                        ; node_operation    ; work         ;
;          |and_2input:andsignal2|        ; 3 (3)               ; 0 (0)                     ; 0                 ; 0          ; 0    ; 0            ; |ALU|KoggeStoneAdder:MainAdder|node_operation:\stg02:9:pm|and_2input:andsignal2  ; and_2input        ; work         ;
;       |node_operation:\stg03:3:pm|      ; 1 (0)               ; 0 (0)                     ; 0                 ; 0          ; 0    ; 0            ; |ALU|KoggeStoneAdder:MainAdder|node_operation:\stg03:3:pm                        ; node_operation    ; work         ;
;          |and_2input:andsignal1|        ; 1 (1)               ; 0 (0)                     ; 0                 ; 0          ; 0    ; 0            ; |ALU|KoggeStoneAdder:MainAdder|node_operation:\stg03:3:pm|and_2input:andsignal1  ; and_2input        ; work         ;
;    |SelectHandler:HandleSelect|         ; 3 (3)               ; 0 (0)                     ; 0                 ; 0          ; 0    ; 0            ; |ALU|SelectHandler:HandleSelect                                                  ; SelectHandler     ; work         ;
;    |ZeroBitCalculator:CalculateZeroBit| ; 6 (6)               ; 0 (0)                     ; 0                 ; 0          ; 0    ; 0            ; |ALU|ZeroBitCalculator:CalculateZeroBit                                          ; ZeroBitCalculator ; work         ;
+-----------------------------------------+---------------------+---------------------------+-------------------+------------+------+--------------+----------------------------------------------------------------------------------+-------------------+--------------+
Note: For table entries with two numbers listed, the numbers in parentheses indicate the number of resources of the given type used by the specific entity alone. The numbers listed outside of parentheses indicate the total resources of the given type used by the specific entity and all of its sub-entities in the hierarchy.


+------------------------------------------------------+
; General Register Statistics                          ;
+----------------------------------------------+-------+
; Statistic                                    ; Value ;
+----------------------------------------------+-------+
; Total registers                              ; 0     ;
; Number of registers using Synchronous Clear  ; 0     ;
; Number of registers using Synchronous Load   ; 0     ;
; Number of registers using Asynchronous Clear ; 0     ;
; Number of registers using Asynchronous Load  ; 0     ;
; Number of registers using Clock Enable       ; 0     ;
; Number of registers using Preset             ; 0     ;
+----------------------------------------------+-------+


+-----------------------------------------------------+
; Post-Synthesis Netlist Statistics for Top Partition ;
+-----------------------+-----------------------------+
; Type                  ; Count                       ;
+-----------------------+-----------------------------+
; arriav_lcell_comb     ; 118                         ;
;     normal            ; 118                         ;
;         1 data inputs ; 1                           ;
;         2 data inputs ; 10                          ;
;         3 data inputs ; 7                           ;
;         4 data inputs ; 31                          ;
;         5 data inputs ; 18                          ;
;         6 data inputs ; 51                          ;
; boundary_port         ; 52                          ;
;                       ;                             ;
; Max LUT depth         ; 6.00                        ;
; Average LUT depth     ; 5.59                        ;
+-----------------------+-----------------------------+


+-------------------------------+
; Elapsed Time Per Partition    ;
+----------------+--------------+
; Partition Name ; Elapsed Time ;
+----------------+--------------+
; Top            ; 00:00:00     ;
+----------------+--------------+


+-------------------------------+
; Analysis & Synthesis Messages ;
+-------------------------------+
Info: *******************************************************************
Info: Running Quartus Prime Analysis & Synthesis
    Info: Version 20.1.0 Build 711 06/05/2020 SJ Lite Edition
    Info: Processing started: Fri Dec 04 00:24:40 2020
Info: Command: quartus_map --read_settings_files=on --write_settings_files=off ALU -c ALU
Warning (18236): Number of processors has not been specified which may cause overloading on shared machines.  Set the global assignment NUM_PARALLEL_PROCESSORS in your QSF to an appropriate value for best performance.
Info (20030): Parallel compilation is enabled and will use 6 of the 6 processors detected
Info (12021): Found 2 design units, including 1 entities, in source file alu.vhd
    Info (12022): Found design unit 1: ALU-ALU_Logic File: D:/study material/IITB/project 224/ALU.vhd Line: 16
    Info (12023): Found entity 1: ALU File: D:/study material/IITB/project 224/ALU.vhd Line: 4
Warning (12019): Can't analyze file -- file XOR_input2.vhd is missing
Warning (12019): Can't analyze file -- file and_input2.vhd is missing
Info (12021): Found 2 design units, including 1 entities, in source file xor_2input.vhd
    Info (12022): Found design unit 1: XOR_2input-XOR_Logic File: D:/study material/IITB/project 224/XOR_2input.vhd Line: 8
    Info (12023): Found entity 1: XOR_2input File: D:/study material/IITB/project 224/XOR_2input.vhd Line: 1
Info (12021): Found 2 design units, including 1 entities, in source file and_2input.vhd
    Info (12022): Found design unit 1: and_2input-and_Logic File: D:/study material/IITB/project 224/and_2input.vhd Line: 8
    Info (12023): Found entity 1: and_2input File: D:/study material/IITB/project 224/and_2input.vhd Line: 1
Info (12021): Found 2 design units, including 1 entities, in source file gpgen.vhd
    Info (12022): Found design unit 1: gpgen-Arch File: D:/study material/IITB/project 224/gpgen.vhd Line: 11
    Info (12023): Found entity 1: gpgen File: D:/study material/IITB/project 224/gpgen.vhd Line: 4
Info (12021): Found 2 design units, including 1 entities, in source file node_operation.vhd
    Info (12022): Found design unit 1: node_operation-Arch File: D:/study material/IITB/project 224/node_operation.vhd Line: 9
    Info (12023): Found entity 1: node_operation File: D:/study material/IITB/project 224/node_operation.vhd Line: 1
Info (12021): Found 2 design units, including 1 entities, in source file koggestoneadder.vhd
    Info (12022): Found design unit 1: KoggeStoneAdder-KoggeStoneAdderLogic File: D:/study material/IITB/project 224/KoggeStoneAdder.vhd Line: 15
    Info (12023): Found entity 1: KoggeStoneAdder File: D:/study material/IITB/project 224/KoggeStoneAdder.vhd Line: 3
Info (12021): Found 2 design units, including 1 entities, in source file get1complement.vhd
    Info (12022): Found design unit 1: Get1Complement-Get1ComplementLogic File: D:/study material/IITB/project 224/Get1Complement.vhd Line: 15
    Info (12023): Found entity 1: Get1Complement File: D:/study material/IITB/project 224/Get1Complement.vhd Line: 4
Info (12021): Found 2 design units, including 1 entities, in source file zerobitcalculator.vhd
    Info (12022): Found design unit 1: ZeroBitCalculator-ZeroBitLogic File: D:/study material/IITB/project 224/ZeroBitCalculator.vhd Line: 9
    Info (12023): Found entity 1: ZeroBitCalculator File: D:/study material/IITB/project 224/ZeroBitCalculator.vhd Line: 1
Warning (12019): Can't analyze file -- file X.vhd is missing
Info (12021): Found 2 design units, including 1 entities, in source file selecthandler.vhd
    Info (12022): Found design unit 1: SelectHandler-SelectLogic File: D:/study material/IITB/project 224/SelectHandler.vhd Line: 9
    Info (12023): Found entity 1: SelectHandler File: D:/study material/IITB/project 224/SelectHandler.vhd Line: 1
Info (12021): Found 2 design units, including 1 entities, in source file testbench.vhd
    Info (12022): Found design unit 1: testbench-tb File: D:/study material/IITB/project 224/Testbench.vhd Line: 7
    Info (12023): Found entity 1: testbench File: D:/study material/IITB/project 224/Testbench.vhd Line: 4
Info (12127): Elaborating entity "ALU" for the top level hierarchy
Info (12128): Elaborating entity "SelectHandler" for hierarchy "SelectHandler:HandleSelect" File: D:/study material/IITB/project 224/ALU.vhd Line: 81
Info (12128): Elaborating entity "Get1Complement" for hierarchy "Get1Complement:Take2Complement" File: D:/study material/IITB/project 224/ALU.vhd Line: 83
Info (12128): Elaborating entity "XOR_2input" for hierarchy "Get1Complement:Take2Complement|XOR_2input:\lab:0:XORGate" File: D:/study material/IITB/project 224/Get1Complement.vhd Line: 30
Info (12128): Elaborating entity "KoggeStoneAdder" for hierarchy "KoggeStoneAdder:MainAdder" File: D:/study material/IITB/project 224/ALU.vhd Line: 89
Info (12128): Elaborating entity "gpgen" for hierarchy "KoggeStoneAdder:MainAdder|gpgen:\stg00:0:pm" File: D:/study material/IITB/project 224/KoggeStoneAdder.vhd Line: 70
Info (12128): Elaborating entity "and_2input" for hierarchy "KoggeStoneAdder:MainAdder|gpgen:\stg00:0:pm|and_2input:Ggen" File: D:/study material/IITB/project 224/gpgen.vhd Line: 27
Info (12128): Elaborating entity "node_operation" for hierarchy "KoggeStoneAdder:MainAdder|node_operation:\stg01:0:pm" File: D:/study material/IITB/project 224/KoggeStoneAdder.vhd Line: 79
Info (12128): Elaborating entity "ZeroBitCalculator" for hierarchy "ZeroBitCalculator:CalculateZeroBit" File: D:/study material/IITB/project 224/ALU.vhd Line: 98
Info (286030): Timing-Driven Synthesis is running
Info (16010): Generating hard_block partition "hard_block:auto_generated_inst"
    Info (16011): Adding 0 node(s), including 0 DDIO, 0 PLL, 0 transceiver and 0 LCELL
Info (21057): Implemented 169 device resources after synthesis - the final resource count might be different
    Info (21058): Implemented 34 input pins
    Info (21059): Implemented 18 output pins
    Info (21061): Implemented 117 logic cells
Info: Quartus Prime Analysis & Synthesis was successful. 0 errors, 4 warnings
    Info: Peak virtual memory: 4867 megabytes
    Info: Processing ended: Fri Dec 04 00:24:49 2020
    Info: Elapsed time: 00:00:09
    Info: Total CPU time (on all processors): 00:00:18


